2020-08-22 13:09:50 INFO  BaseTest:21 - **************** DENEME SPEC Senaryosu Başladı ****************
2020-08-22 13:09:50 INFO  WebDriverUtil:85 - PLATFORM DOES NOT EXISTS
2020-08-22 13:09:53 ERROR WebDriverUtil:93 - Driver null durumda!
2020-08-22 13:10:59 INFO  BaseTest:21 - **************** DENEME SPEC Senaryosu Başladı ****************
2020-08-22 13:10:59 INFO  WebDriverUtil:85 - PLATFORM DOES NOT EXISTS
2020-08-22 13:11:01 ERROR WebDriverUtil:93 - Driver null durumda!
2020-08-22 13:13:48 INFO  BaseTest:21 - **************** DENEME SPEC Senaryosu Başladı ****************
2020-08-22 13:13:48 INFO  WebDriverUtil:85 - PLATFORM DOES NOT EXISTS
2020-08-22 13:13:50 ERROR WebDriverUtil:93 - Driver null durumda!
2020-08-22 13:16:12 INFO  BaseTest:21 - **************** DENEME SPEC Senaryosu Başladı ****************
2020-08-22 13:16:12 INFO  WebDriverUtil:85 - PLATFORM DOES NOT EXISTS
2020-08-22 13:16:15 ERROR WebDriverUtil:93 - Driver null durumda!
2020-08-22 13:18:02 INFO  BaseTest:21 - **************** DENEME SPEC Senaryosu Başladı ****************
2020-08-22 13:18:02 INFO  WebDriverUtil:86 - PLATFORM DOES NOT EXISTS
2020-08-22 13:18:03 ERROR WebDriverUtil:94 - Driver null durumda!
2020-08-22 13:28:53 INFO  BaseTest:21 - **************** DENEME SPEC Senaryosu Başladı ****************
2020-08-22 13:28:53 INFO  WebDriverUtil:86 - PLATFORM DOES NOT EXISTS
2020-08-22 13:28:56 ERROR WebDriverUtil:94 - Driver null durumda!
2020-08-22 13:30:26 INFO  BaseTest:21 - **************** DENEME SPEC Senaryosu Başladı ****************
2020-08-22 13:30:26 INFO  WebDriverUtil:86 - PLATFORM DOES NOT EXISTS
2020-08-22 13:30:28 ERROR WebDriverUtil:94 - Driver null durumda!
2020-08-22 13:35:13 INFO  BaseTest:21 - **************** DENEME SPEC Senaryosu Başladı ****************
2020-08-22 13:35:13 INFO  WebDriverUtil:86 - PLATFORM DOES NOT EXISTS
2020-08-22 13:35:16 ERROR WebDriverUtil:94 - Driver null durumda!
2020-08-22 13:36:50 INFO  BaseTest:21 - **************** DENEME SPEC Senaryosu Başladı ****************
2020-08-22 13:36:50 INFO  WebDriverUtil:53 - ANYplatformmm
2020-08-22 13:36:50 INFO  WebDriverUtil:87 - PLATFORM DOES NOT EXISTS
2020-08-22 13:36:51 ERROR WebDriverUtil:95 - Driver null durumda!
2020-08-22 13:38:27 INFO  BaseTest:21 - **************** DENEME SPEC Senaryosu Başladı ****************
2020-08-22 13:38:27 INFO  WebDriverUtil:54 - MACplatformmm
2020-08-22 13:38:29 ERROR WebDriverUtil:96 - Driver null durumda!
2020-08-22 13:39:54 INFO  BaseTest:21 - **************** DENEME SPEC Senaryosu Başladı ****************
2020-08-22 13:39:54 INFO  WebDriverUtil:54 - MACplatformmm
2020-08-22 13:39:56 ERROR WebDriverUtil:96 - Driver null durumda!
2020-08-22 13:41:06 INFO  BaseTest:21 - **************** DENEME SPEC Senaryosu Başladı ****************
2020-08-22 13:41:06 INFO  WebDriverUtil:54 - MACplatformmm
2020-08-22 13:41:14 INFO  BaseTest:31 - **************** DENEME SPEC Senaryosu Bitti ****************
2020-08-23 11:51:54 INFO  BaseTest:20 - **************** DENEME SPEC Senaryosu Başladı ****************
2020-08-23 11:51:54 INFO  WebDriverUtil:54 - MACplatformmm
2020-08-23 11:52:02 ERROR WaitOperation:40 -  'By.linkText: value' elementinin sayfa üzerinde var olması beklenirken hata oluştu! Hata kodu 'javascript error: Unexpected token '.'
  (Session info: chrome=84.0.4147.135)
Build info: version: '3.141.59', revision: 'e82be7d358', time: '2018-11-14T08:17:03'
System info: host: 'testiniums-MacBook-Pro.local', ip: 'fe80:0:0:0:1059:209:404:4e5b%en0', os.name: 'Mac OS X', os.arch: 'x86_64', os.version: '10.15.6', java.version: '1.8.0_231'
Driver info: org.openqa.selenium.chrome.ChromeDriver
Capabilities {acceptInsecureCerts: false, browserName: chrome, browserVersion: 84.0.4147.135, chrome: {chromedriverVersion: 83.0.4103.39 (ccbf011cb2d2b..., userDataDir: /var/folders/49/p7g9wfpn2hx...}, goog:chromeOptions: {debuggerAddress: localhost:52502}, javascriptEnabled: true, networkConnectionEnabled: false, pageLoadStrategy: normal, platform: MAC, platformName: MAC, proxy: Proxy(), setWindowRect: true, strictFileInteractability: false, timeouts: {implicit: 0, pageLoad: 300000, script: 30000}, unhandledPromptBehavior: dismiss and notify, webauthn:virtualAuthenticators: true}
Session ID: 03db50b2fb24a147940da11f303e62b0'
2020-08-23 11:52:04 INFO  BaseTest:30 - **************** DENEME SPEC Senaryosu Bitti ****************
2020-08-23 12:03:00 INFO  BaseTest:20 - **************** DENEME SPEC Senaryosu Başladı ****************
2020-08-23 12:03:00 INFO  WebDriverUtil:54 - MACplatformmm
2020-08-23 12:03:12 ERROR WaitOperation:40 -  'By.linkText: xpath' elementinin sayfa üzerinde var olması beklenirken hata oluştu! Hata kodu 'javascript error: Unexpected token '.'
  (Session info: chrome=84.0.4147.135)
Build info: version: '3.141.59', revision: 'e82be7d358', time: '2018-11-14T08:17:03'
System info: host: 'testiniums-MacBook-Pro.local', ip: 'fe80:0:0:0:1059:209:404:4e5b%en0', os.name: 'Mac OS X', os.arch: 'x86_64', os.version: '10.15.6', java.version: '1.8.0_231'
Driver info: org.openqa.selenium.chrome.ChromeDriver
Capabilities {acceptInsecureCerts: false, browserName: chrome, browserVersion: 84.0.4147.135, chrome: {chromedriverVersion: 83.0.4103.39 (ccbf011cb2d2b..., userDataDir: /var/folders/49/p7g9wfpn2hx...}, goog:chromeOptions: {debuggerAddress: localhost:52614}, javascriptEnabled: true, networkConnectionEnabled: false, pageLoadStrategy: normal, platform: MAC, platformName: MAC, proxy: Proxy(), setWindowRect: true, strictFileInteractability: false, timeouts: {implicit: 0, pageLoad: 300000, script: 30000}, unhandledPromptBehavior: dismiss and notify, webauthn:virtualAuthenticators: true}
Session ID: f5eb1c3526c2fd92935b9e5a0cfba31f'
2020-08-23 12:03:14 INFO  BaseTest:30 - **************** DENEME SPEC Senaryosu Bitti ****************
2020-08-23 12:14:15 INFO  BaseTest:20 - **************** DENEME SPEC Senaryosu Başladı ****************
2020-08-23 12:14:15 INFO  WebDriverUtil:54 - MACplatformmm
2020-08-23 12:14:26 INFO  BaseTest:30 - **************** DENEME SPEC Senaryosu Bitti ****************
2020-08-23 12:14:55 INFO  BaseTest:20 - **************** DENEME SPEC Senaryosu Başladı ****************
2020-08-23 12:14:55 INFO  WebDriverUtil:54 - MACplatformmm
2020-08-23 12:15:06 ERROR WaitOperation:40 -  'By.linkText: .//a[@name='Subscribe']' elementinin sayfa üzerinde var olması beklenirken hata oluştu! Hata kodu 'javascript error: Unexpected token '.'
  (Session info: chrome=84.0.4147.135)
Build info: version: '3.141.59', revision: 'e82be7d358', time: '2018-11-14T08:17:03'
System info: host: 'testiniums-MacBook-Pro.local', ip: 'fe80:0:0:0:1059:209:404:4e5b%en0', os.name: 'Mac OS X', os.arch: 'x86_64', os.version: '10.15.6', java.version: '1.8.0_231'
Driver info: org.openqa.selenium.chrome.ChromeDriver
Capabilities {acceptInsecureCerts: false, browserName: chrome, browserVersion: 84.0.4147.135, chrome: {chromedriverVersion: 83.0.4103.39 (ccbf011cb2d2b..., userDataDir: /var/folders/49/p7g9wfpn2hx...}, goog:chromeOptions: {debuggerAddress: localhost:54552}, javascriptEnabled: true, networkConnectionEnabled: false, pageLoadStrategy: normal, platform: MAC, platformName: MAC, proxy: Proxy(), setWindowRect: true, strictFileInteractability: false, timeouts: {implicit: 0, pageLoad: 300000, script: 30000}, unhandledPromptBehavior: dismiss and notify, webauthn:virtualAuthenticators: true}
Session ID: cb522d2355d5157796eeae8f83b402c0'
2020-08-23 12:15:08 INFO  BaseTest:30 - **************** DENEME SPEC Senaryosu Bitti ****************
2020-08-23 12:19:40 INFO  BaseTest:20 - **************** DENEME SPEC Senaryosu Başladı ****************
2020-08-23 12:19:40 INFO  WebDriverUtil:54 - MACplatformmm
2020-08-23 12:19:49 ERROR WaitOperation:40 -  'By.xpath: .//a[@name='Subscribe']' elementinin sayfa üzerinde var olması beklenirken hata oluştu! Hata kodu 'javascript error: Unexpected token '.'
  (Session info: chrome=84.0.4147.135)
Build info: version: '3.141.59', revision: 'e82be7d358', time: '2018-11-14T08:17:03'
System info: host: 'testiniums-MacBook-Pro.local', ip: 'fe80:0:0:0:1059:209:404:4e5b%en0', os.name: 'Mac OS X', os.arch: 'x86_64', os.version: '10.15.6', java.version: '1.8.0_231'
Driver info: org.openqa.selenium.chrome.ChromeDriver
Capabilities {acceptInsecureCerts: false, browserName: chrome, browserVersion: 84.0.4147.135, chrome: {chromedriverVersion: 83.0.4103.39 (ccbf011cb2d2b..., userDataDir: /var/folders/49/p7g9wfpn2hx...}, goog:chromeOptions: {debuggerAddress: localhost:55778}, javascriptEnabled: true, networkConnectionEnabled: false, pageLoadStrategy: normal, platform: MAC, platformName: MAC, proxy: Proxy(), setWindowRect: true, strictFileInteractability: false, timeouts: {implicit: 0, pageLoad: 300000, script: 30000}, unhandledPromptBehavior: dismiss and notify, webauthn:virtualAuthenticators: true}
Session ID: e40865d0c161ebc3da73539b43ec222c'
2020-08-23 12:19:51 INFO  BaseTest:30 - **************** DENEME SPEC Senaryosu Bitti ****************
2020-08-23 12:22:31 INFO  BaseTest:20 - **************** DENEME SPEC Senaryosu Başladı ****************
2020-08-23 12:22:31 INFO  WebDriverUtil:54 - MACplatformmm
2020-08-23 12:22:45 ERROR WaitOperation:40 -  'By.xpath: .//a[@name='Subscribe']' elementinin sayfa üzerinde var olması beklenirken hata oluştu! Hata kodu 'javascript error: Unexpected token '.'
  (Session info: chrome=84.0.4147.135)
Build info: version: '3.141.59', revision: 'e82be7d358', time: '2018-11-14T08:17:03'
System info: host: 'testiniums-MacBook-Pro.local', ip: 'fe80:0:0:0:1059:209:404:4e5b%en0', os.name: 'Mac OS X', os.arch: 'x86_64', os.version: '10.15.6', java.version: '1.8.0_231'
Driver info: org.openqa.selenium.chrome.ChromeDriver
Capabilities {acceptInsecureCerts: false, browserName: chrome, browserVersion: 84.0.4147.135, chrome: {chromedriverVersion: 83.0.4103.39 (ccbf011cb2d2b..., userDataDir: /var/folders/49/p7g9wfpn2hx...}, goog:chromeOptions: {debuggerAddress: localhost:56542}, javascriptEnabled: true, networkConnectionEnabled: false, pageLoadStrategy: normal, platform: MAC, platformName: MAC, proxy: Proxy(), setWindowRect: true, strictFileInteractability: false, timeouts: {implicit: 0, pageLoad: 300000, script: 30000}, unhandledPromptBehavior: dismiss and notify, webauthn:virtualAuthenticators: true}
Session ID: 45138fe7f06d89278076bfc46a78b9e7'
2020-08-23 12:22:47 INFO  BaseTest:30 - **************** DENEME SPEC Senaryosu Bitti ****************
2020-08-23 12:23:16 INFO  BaseTest:20 - **************** DENEME SPEC Senaryosu Başladı ****************
2020-08-23 12:23:17 INFO  WebDriverUtil:54 - MACplatformmm
2020-08-23 12:23:27 ERROR WaitOperation:40 -  'By.xpath: .//a[@name='Subscribe']' elementinin sayfa üzerinde var olması beklenirken hata oluştu! Hata kodu 'javascript error: Unexpected token '.'
  (Session info: chrome=84.0.4147.135)
Build info: version: '3.141.59', revision: 'e82be7d358', time: '2018-11-14T08:17:03'
System info: host: 'testiniums-MacBook-Pro.local', ip: 'fe80:0:0:0:1059:209:404:4e5b%en0', os.name: 'Mac OS X', os.arch: 'x86_64', os.version: '10.15.6', java.version: '1.8.0_231'
Driver info: org.openqa.selenium.chrome.ChromeDriver
Capabilities {acceptInsecureCerts: false, browserName: chrome, browserVersion: 84.0.4147.135, chrome: {chromedriverVersion: 83.0.4103.39 (ccbf011cb2d2b..., userDataDir: /var/folders/49/p7g9wfpn2hx...}, goog:chromeOptions: {debuggerAddress: localhost:56787}, javascriptEnabled: true, networkConnectionEnabled: false, pageLoadStrategy: normal, platform: MAC, platformName: MAC, proxy: Proxy(), setWindowRect: true, strictFileInteractability: false, timeouts: {implicit: 0, pageLoad: 300000, script: 30000}, unhandledPromptBehavior: dismiss and notify, webauthn:virtualAuthenticators: true}
Session ID: e087efdf7dc8f4303f8c2adc6df1ad15'
2020-08-23 12:23:29 INFO  BaseTest:30 - **************** DENEME SPEC Senaryosu Bitti ****************
2020-08-23 12:26:32 INFO  BaseTest:20 - **************** DENEME SPEC Senaryosu Başladı ****************
2020-08-23 12:26:43 INFO  StepImplementation:60 - 'Subscribe' elementine tıklandı.
2020-08-23 12:26:43 INFO  StepImplementation:60 - 'Monthly_Plan_Subscribe' elementine tıklandı.
2020-08-23 12:26:44 INFO  BaseTest:30 - **************** DENEME SPEC Senaryosu Bitti ****************
2020-08-23 12:32:44 INFO  BaseTest:20 - **************** DENEME SPEC Senaryosu Başladı ****************
2020-08-23 12:32:56 INFO  StepImplementation:60 - 'Subscribe' elementine tıklandı.
2020-08-23 12:32:56 INFO  StepImplementation:60 - 'Monthly_Plan_Subscribe' elementine tıklandı.
2020-08-23 12:32:58 INFO  StepImplementation:80 - 'First_Name' alanına 'Ahmet' değeri yazıldı 
2020-08-23 12:32:58 INFO  StepImplementation:80 - 'Last_Name' alanına 'Demirel' değeri yazıldı 
2020-08-23 12:32:59 INFO  BaseTest:30 - **************** DENEME SPEC Senaryosu Bitti ****************
2020-08-23 12:49:04 INFO  BaseTest:20 - **************** DENEME SPEC Senaryosu Başladı ****************
2020-08-23 12:49:14 INFO  StepImplementation:63 - 'Subscribe' elementine tıklandı.
2020-08-23 12:49:15 INFO  StepImplementation:63 - 'Monthly_Plan_Subscribe' elementine tıklandı.
2020-08-23 12:49:27 INFO  StepImplementation:83 - 'First_Name' alanına 'Ahmet' değeri yazıldı 
2020-08-23 12:49:27 INFO  StepImplementation:83 - 'Last_Name' alanına 'Demirel' değeri yazıldı 
2020-08-23 12:49:28 INFO  StepImplementation:83 - 'Email' alanına 'testautomation8942713439@gmail.com' değeri yazıldı 
2020-08-23 12:49:28 INFO  StepImplementation:83 - 'Password' alanına 'ahmet123' değeri yazıldı 
2020-08-23 12:49:33 WARN  WaitOperation:98 - '5' saniye statik bekleme yapıldı
2020-08-23 12:49:33 INFO  StepImplementation:108 - '5' saniye beklendi
2020-08-23 12:49:33 INFO  BaseTest:30 - **************** DENEME SPEC Senaryosu Bitti ****************
2020-08-23 12:50:06 INFO  BaseTest:20 - **************** DENEME SPEC Senaryosu Başladı ****************
2020-08-23 12:50:17 INFO  StepImplementation:63 - 'Subscribe' elementine tıklandı.
2020-08-23 12:50:17 INFO  StepImplementation:63 - 'Monthly_Plan_Subscribe' elementine tıklandı.
2020-08-23 12:50:19 INFO  StepImplementation:83 - 'First_Name' alanına 'Ahmet' değeri yazıldı 
2020-08-23 12:50:19 INFO  StepImplementation:83 - 'Last_Name' alanına 'Demirel' değeri yazıldı 
2020-08-23 12:50:20 INFO  StepImplementation:83 - 'Email' alanına 'testautomation1948856496@gmail.com' değeri yazıldı 
2020-08-23 12:50:20 INFO  StepImplementation:83 - 'Password' alanına 'ahmet123' değeri yazıldı 
2020-08-23 12:50:25 WARN  WaitOperation:98 - '5' saniye statik bekleme yapıldı
2020-08-23 12:50:25 INFO  StepImplementation:108 - '5' saniye beklendi
2020-08-23 12:50:25 INFO  BaseTest:30 - **************** DENEME SPEC Senaryosu Bitti ****************
2020-08-23 12:54:04 INFO  BaseTest:20 - **************** DENEME SPEC Senaryosu Başladı ****************
2020-08-23 12:54:14 INFO  StepImplementation:63 - 'Subscribe' elementine tıklandı.
2020-08-23 12:54:15 INFO  StepImplementation:63 - 'Monthly_Plan_Subscribe' elementine tıklandı.
2020-08-23 12:54:16 INFO  StepImplementation:83 - 'First_Name' alanına 'Ahmet' değeri yazıldı 
2020-08-23 12:54:17 INFO  StepImplementation:83 - 'Last_Name' alanına 'Demirel' değeri yazıldı 
2020-08-23 12:54:17 INFO  StepImplementation:83 - 'Email' alanına 'testautomation1325903537@gmail.com' değeri yazıldı 
2020-08-23 12:54:17 INFO  StepImplementation:83 - 'Password' alanına 'ahmet123' değeri yazıldı 
2020-08-23 12:54:22 WARN  WaitOperation:98 - '5' saniye statik bekleme yapıldı
2020-08-23 12:54:22 INFO  StepImplementation:108 - '5' saniye beklendi
2020-08-23 12:54:22 INFO  BaseTest:30 - **************** DENEME SPEC Senaryosu Bitti ****************
2020-08-23 13:31:47 INFO  BaseTest:20 - **************** DENEME SPEC Senaryosu Başladı ****************
2020-08-23 13:31:59 INFO  StepImplementation:62 - 'Subscribe' elementine tıklandı.
2020-08-23 13:31:59 INFO  StepImplementation:62 - 'Monthly_Plan_Subscribe' elementine tıklandı.
2020-08-23 13:32:01 INFO  StepImplementation:82 - 'First_Name' alanına 'Ahmet' değeri yazıldı 
2020-08-23 13:32:01 INFO  StepImplementation:82 - 'Last_Name' alanına 'Demirel' değeri yazıldı 
2020-08-23 13:32:02 INFO  StepImplementation:82 - 'Email' alanına 'testautomation9784031766@gmail.com' değeri yazıldı 
2020-08-23 13:32:02 INFO  StepImplementation:82 - 'Password' alanına 'ahmet123' değeri yazıldı 
2020-08-23 13:32:02 INFO  StepImplementation:62 - 'Create_Account' elementine tıklandı.
2020-08-23 13:32:04 INFO  BaseTest:30 - **************** DENEME SPEC Senaryosu Bitti ****************
2020-08-23 13:35:38 INFO  BaseTest:20 - **************** DENEME SPEC Senaryosu Başladı ****************
2020-08-23 13:35:50 INFO  StepImplementation:62 - 'Subscribe' elementine tıklandı.
2020-08-23 13:35:51 INFO  StepImplementation:62 - 'Monthly_Plan_Subscribe' elementine tıklandı.
2020-08-23 13:35:53 INFO  StepImplementation:82 - 'First_Name' alanına 'Ahmet' değeri yazıldı 
2020-08-23 13:35:53 INFO  StepImplementation:82 - 'Last_Name' alanına 'Demirel' değeri yazıldı 
2020-08-23 13:35:54 INFO  StepImplementation:82 - 'Email' alanına 'testautomation1116796148@gmail.com' değeri yazıldı 
2020-08-23 13:35:54 INFO  StepImplementation:82 - 'Password' alanına 'ahmet123' değeri yazıldı 
2020-08-23 13:35:55 INFO  StepImplementation:62 - 'Create_Account' elementine tıklandı.
2020-08-23 13:35:55 INFO  BaseTest:30 - **************** DENEME SPEC Senaryosu Bitti ****************
2020-08-23 13:36:34 INFO  BaseTest:20 - **************** DENEME SPEC Senaryosu Başladı ****************
2020-08-23 13:36:44 INFO  StepImplementation:62 - 'Subscribe' elementine tıklandı.
2020-08-23 13:36:44 INFO  StepImplementation:62 - 'Monthly_Plan_Subscribe' elementine tıklandı.
2020-08-23 13:36:48 INFO  StepImplementation:82 - 'First_Name' alanına 'Ahmet' değeri yazıldı 
2020-08-23 13:36:48 INFO  StepImplementation:82 - 'Last_Name' alanına 'Demirel' değeri yazıldı 
2020-08-23 13:36:49 INFO  StepImplementation:82 - 'Email' alanına 'testautomation9212690628@gmail.com' değeri yazıldı 
2020-08-23 13:36:49 INFO  StepImplementation:82 - 'Password' alanına 'ahmet123' değeri yazıldı 
2020-08-23 13:36:50 INFO  StepImplementation:62 - 'Create_Account' elementine tıklandı.
2020-08-23 13:36:54 WARN  WaitOperation:98 - '4' saniye statik bekleme yapıldı
2020-08-23 13:36:54 INFO  StepImplementation:107 - '4' saniye beklendi
2020-08-23 13:36:54 INFO  BaseTest:30 - **************** DENEME SPEC Senaryosu Bitti ****************
2020-08-23 13:37:42 INFO  BaseTest:20 - **************** DENEME SPEC Senaryosu Başladı ****************
2020-08-23 13:37:53 INFO  StepImplementation:62 - 'Subscribe' elementine tıklandı.
2020-08-23 13:37:53 INFO  StepImplementation:62 - 'Monthly_Plan_Subscribe' elementine tıklandı.
2020-08-23 13:37:55 INFO  StepImplementation:82 - 'First_Name' alanına 'Ahmet' değeri yazıldı 
2020-08-23 13:37:55 INFO  StepImplementation:82 - 'Last_Name' alanına 'Demirel' değeri yazıldı 
2020-08-23 13:37:55 INFO  StepImplementation:82 - 'Email' alanına 'testautomation6315338922@gmail.com' değeri yazıldı 
2020-08-23 13:37:56 INFO  StepImplementation:82 - 'Password' alanına 'ahmet123' değeri yazıldı 
2020-08-23 13:37:56 INFO  StepImplementation:62 - 'Create_Account' elementine tıklandı.
2020-08-23 13:38:06 INFO  StepImplementation:133 - 'Total_Amount' elementi görünene kadar beklendi
2020-08-23 13:38:06 INFO  AssertionOperation:20 -  'Total Amount : AU$19.99' ve 'Total Amount : AU$19.99' değerleri bir birine eşit mi kontrol edildi.
2020-08-23 13:38:06 INFO  StepImplementation:62 - 'Check_Terms' elementine tıklandı.
2020-08-23 13:38:06 INFO  StepImplementation:62 - 'Pay_Now' elementine tıklandı.
2020-08-23 13:38:27 INFO  AssertionOperation:20 -  '1.00 AUD' ve '1.00 AUD' değerleri bir birine eşit mi kontrol edildi.
2020-08-23 13:38:28 INFO  StepImplementation:82 - 'Card_Holders_Name' alanına 'Ahmet Demirel' değeri yazıldı 
2020-08-23 13:38:28 INFO  StepImplementation:82 - 'Card_Number' alanına '1111222233334444' değeri yazıldı 
2020-08-23 13:38:28 INFO  StepImplementation:125 - 'Card_Exp_Date_Month' listesinden '02' değeri seçildi 
2020-08-23 13:38:28 INFO  StepImplementation:125 - 'Card_Exp_Date_Year' listesinden '2024' değeri seçildi 
2020-08-23 13:38:28 INFO  StepImplementation:82 - 'Card_Verification' alanına '000' değeri yazıldı 
2020-08-23 13:38:31 INFO  StepImplementation:62 - 'Payment_Submit' elementine tıklandı.
2020-08-23 13:38:31 INFO  BaseTest:30 - **************** DENEME SPEC Senaryosu Bitti ****************
2020-08-23 13:41:56 INFO  BaseTest:20 - **************** DENEME SPEC Senaryosu Başladı ****************
2020-08-23 13:42:10 INFO  StepImplementation:62 - 'Subscribe' elementine tıklandı.
2020-08-23 13:42:10 INFO  StepImplementation:62 - 'Monthly_Plan_Subscribe' elementine tıklandı.
2020-08-23 13:42:12 INFO  StepImplementation:82 - 'First_Name' alanına 'Ahmet' değeri yazıldı 
2020-08-23 13:42:12 INFO  StepImplementation:82 - 'Last_Name' alanına 'Demirel' değeri yazıldı 
2020-08-23 13:42:13 INFO  StepImplementation:82 - 'Email' alanına 'testautomation1627598484@gmail.com' değeri yazıldı 
2020-08-23 13:42:13 INFO  StepImplementation:82 - 'Password' alanına 'ahmet123' değeri yazıldı 
2020-08-23 13:42:13 INFO  StepImplementation:62 - 'Create_Account' elementine tıklandı.
2020-08-23 13:42:23 INFO  StepImplementation:133 - 'Total_Amount' elementi görünene kadar beklendi
2020-08-23 13:42:23 INFO  AssertionOperation:20 -  'Total Amount : AU$19.99' ve 'Total Amount : AU$19.99' değerleri bir birine eşit mi kontrol edildi.
2020-08-23 13:42:25 WARN  WaitOperation:98 - '2' saniye statik bekleme yapıldı
2020-08-23 13:42:25 INFO  StepImplementation:107 - '2' saniye beklendi
2020-08-23 13:42:26 INFO  StepImplementation:62 - 'Check_Terms' elementine tıklandı.
2020-08-23 13:42:26 INFO  StepImplementation:62 - 'Pay_Now' elementine tıklandı.
2020-08-23 13:42:31 INFO  AssertionOperation:20 -  '1.00 AUD' ve '1.00 AUD' değerleri bir birine eşit mi kontrol edildi.
2020-08-23 13:42:32 INFO  StepImplementation:82 - 'Card_Holders_Name' alanına 'Ahmet Demirel' değeri yazıldı 
2020-08-23 13:42:32 INFO  StepImplementation:82 - 'Card_Number' alanına '1111222233334444' değeri yazıldı 
2020-08-23 13:42:32 INFO  StepImplementation:125 - 'Card_Exp_Date_Month' listesinden '02' değeri seçildi 
2020-08-23 13:42:32 INFO  StepImplementation:125 - 'Card_Exp_Date_Year' listesinden '2024' değeri seçildi 
2020-08-23 13:42:32 INFO  StepImplementation:82 - 'Card_Verification' alanına '000' değeri yazıldı 
2020-08-23 13:42:35 INFO  StepImplementation:62 - 'Payment_Submit' elementine tıklandı.
2020-08-23 13:42:35 INFO  AssertionOperation:20 -  'Card number incorrect or incompatible' ve 'Card number incorrect or incompatible' değerleri bir birine eşit mi kontrol edildi.
2020-08-23 13:42:35 INFO  BaseTest:30 - **************** DENEME SPEC Senaryosu Bitti ****************
2020-08-23 13:47:09 INFO  BaseTest:20 - **************** DENEME SPEC Senaryosu Başladı ****************
2020-08-23 13:47:21 INFO  StepImplementation:62 - 'Subscribe' elementine tıklandı.
2020-08-23 13:47:21 INFO  StepImplementation:62 - 'Monthly_Plan_Subscribe' elementine tıklandı.
2020-08-23 13:48:01 INFO  BaseTest:20 - **************** DENEME SPEC Senaryosu Başladı ****************
2020-08-23 13:48:10 INFO  StepImplementation:62 - 'Subscribe' elementine tıklandı.
2020-08-23 13:49:02 INFO  BaseTest:20 - **************** DENEME SPEC Senaryosu Başladı ****************
2020-08-23 13:49:23 INFO  StepImplementation:62 - 'Subscribe' elementine tıklandı.
2020-08-23 13:49:25 INFO  StepImplementation:62 - 'Monthly_Plan_Subscribe' elementine tıklandı.
2020-08-23 13:49:28 INFO  StepImplementation:82 - 'First_Name' alanına 'Ahmet' değeri yazıldı 
2020-08-23 13:49:28 INFO  StepImplementation:82 - 'Last_Name' alanına 'Demirel' değeri yazıldı 
2020-08-23 13:49:29 INFO  StepImplementation:82 - 'Email' alanına 'testautomation7029683210@gmail.com' değeri yazıldı 
2020-08-23 13:49:29 INFO  StepImplementation:82 - 'Password' alanına 'ahmet123' değeri yazıldı 
2020-08-23 13:49:30 INFO  StepImplementation:62 - 'Create_Account' elementine tıklandı.
2020-08-23 13:49:41 INFO  AssertionOperation:20 -  'Total Amount : AU$19.99' ve 'Total Amount : AU$19.99' değerleri bir birine eşit mi kontrol edildi.
2020-08-23 13:49:41 INFO  StepImplementation:133 - 'Total_Amount' elementi görünene kadar beklendi
2020-08-23 13:49:43 WARN  WaitOperation:98 - '2' saniye statik bekleme yapıldı
2020-08-23 13:49:43 INFO  StepImplementation:107 - '2' saniye beklendi
2020-08-23 13:49:48 INFO  StepImplementation:62 - 'Check_Terms' elementine tıklandı.
2020-08-23 13:50:18 ERROR WaitOperation:82 -  'By.xpath: .//input[@name='pay-now']' elementinin sayfa üzerinde tıklanabilir olması beklenirken hata oluştu! Hata kodu 'Expected condition failed: waiting for element to be clickable: By.xpath: .//input[@name='pay-now'] (tried for 30 second(s) with 1000 milliseconds interval)
Build info: version: '3.141.59', revision: 'e82be7d358', time: '2018-11-14T08:17:03'
System info: host: 'testiniums-MacBook-Pro.local', ip: 'fe80:0:0:0:1059:209:404:4e5b%en0', os.name: 'Mac OS X', os.arch: 'x86_64', os.version: '10.15.6', java.version: '1.8.0_231'
Driver info: org.openqa.selenium.chrome.ChromeDriver
Capabilities {acceptInsecureCerts: false, browserName: chrome, browserVersion: 84.0.4147.135, chrome: {chromedriverVersion: 83.0.4103.39 (ccbf011cb2d2b..., userDataDir: /var/folders/49/p7g9wfpn2hx...}, goog:chromeOptions: {debuggerAddress: localhost:59616}, javascriptEnabled: true, networkConnectionEnabled: false, pageLoadStrategy: normal, platform: MAC, platformName: MAC, proxy: Proxy(), setWindowRect: true, strictFileInteractability: false, timeouts: {implicit: 0, pageLoad: 300000, script: 30000}, unhandledPromptBehavior: dismiss and notify, webauthn:virtualAuthenticators: true}
Session ID: 6f6a0a76375d569bc0360dfdb4e95193'
2020-08-23 13:50:21 INFO  BaseTest:30 - **************** DENEME SPEC Senaryosu Bitti ****************
2020-08-23 13:58:18 INFO  BaseTest:20 - **************** SUBSCRIPTION Senaryosu Başladı ****************
2020-08-23 13:58:29 INFO  StepImplementation:62 - 'Subscribe' elementine tıklandı.
2020-08-23 13:58:29 INFO  AssertionOperation:20 -  'AU$19.99' ve 'AU$19.99' değerleri bir birine eşit mi kontrol edildi.
2020-08-23 13:58:29 INFO  StepImplementation:62 - 'Monthly_Plan_Subscribe' elementine tıklandı.
2020-08-23 13:58:31 INFO  StepImplementation:82 - 'First_Name' alanına 'Ahmet' değeri yazıldı 
2020-08-23 13:58:31 INFO  StepImplementation:82 - 'Last_Name' alanına 'Demirel' değeri yazıldı 
2020-08-23 13:58:32 INFO  StepImplementation:82 - 'Email' alanına 'testautomation8929513004@gmail.com' değeri yazıldı 
2020-08-23 13:58:32 INFO  StepImplementation:82 - 'Password' alanına 'ahmet123' değeri yazıldı 
2020-08-23 13:58:32 INFO  StepImplementation:62 - 'Create_Account' elementine tıklandı.
2020-08-23 13:58:42 INFO  AssertionOperation:20 -  'Total Amount : AU$19.99' ve 'Total Amount : AU$19.99' değerleri bir birine eşit mi kontrol edildi.
2020-08-23 13:58:42 INFO  StepImplementation:133 - 'Total_Amount' elementi görünene kadar beklendi
2020-08-23 13:58:44 WARN  WaitOperation:98 - '2' saniye statik bekleme yapıldı
2020-08-23 13:58:44 INFO  StepImplementation:107 - '2' saniye beklendi
2020-08-23 13:58:45 INFO  StepImplementation:62 - 'Check_Terms' elementine tıklandı.
2020-08-23 13:58:45 INFO  StepImplementation:62 - 'Pay_Now' elementine tıklandı.
2020-08-23 13:58:49 INFO  AssertionOperation:20 -  '1.00 AUD' ve '1.00 AUD' değerleri bir birine eşit mi kontrol edildi.
2020-08-23 13:58:49 INFO  StepImplementation:82 - 'Card_Holders_Name' alanına 'Ahmet Demirel' değeri yazıldı 
2020-08-23 13:58:50 INFO  StepImplementation:82 - 'Card_Number' alanına '1111222233334444' değeri yazıldı 
2020-08-23 13:58:50 INFO  StepImplementation:125 - 'Card_Exp_Date_Month' listesinden '02' değeri seçildi 
2020-08-23 13:58:50 INFO  StepImplementation:125 - 'Card_Exp_Date_Year' listesinden '2024' değeri seçildi 
2020-08-23 13:58:50 INFO  StepImplementation:82 - 'Card_Verification' alanına '000' değeri yazıldı 
2020-08-23 13:58:54 INFO  StepImplementation:62 - 'Payment_Submit' elementine tıklandı.
2020-08-23 13:58:54 INFO  AssertionOperation:20 -  'Card number incorrect or incompatible' ve 'Card number incorrect or incompatible' değerleri bir birine eşit mi kontrol edildi.
2020-08-23 13:58:54 INFO  BaseTest:30 - **************** SUBSCRIPTION Senaryosu Bitti ****************
2020-08-23 14:00:55 INFO  BaseTest:20 - **************** SUBSCRIPTION Senaryosu Başladı ****************
2020-08-23 14:01:05 INFO  StepImplementation:62 - 'Subscribe' elementine tıklandı.
2020-08-23 14:01:07 INFO  BaseTest:30 - **************** SUBSCRIPTION Senaryosu Bitti ****************
